# JRE version: Java(TM) SE Runtime Environment (8.0_161-b12) (build 1.8.0_161-b12)
# Java VM: Java HotSpot(TM) 64-Bit Server VM (25.161-b12 mixed mode windows-amd64 compressed oops)
Heap:
 PSYoungGen      total 452096K, used 128146K [0x00000000e0000000, 0x0000000100000000, 0x0000000100000000)
  eden space 381952K, 20% used [0x00000000e0000000,0x00000000e4e3b508,0x00000000f7500000)
  from space 70144K, 68% used [0x00000000fbb80000,0x00000000fea69460,0x0000000100000000)
  to   space 71168K, 0% used [0x00000000f7500000,0x00000000f7500000,0x00000000fba80000)
 ParOldGen       total 432128K, used 74794K [0x00000000a0000000, 0x00000000ba600000, 0x00000000e0000000)
  object space 432128K, 17% used [0x00000000a0000000,0x00000000a490aa30,0x00000000ba600000)
 Metaspace       used 133453K, capacity 140872K, committed 141056K, reserved 1171456K
  class space    used 17286K, capacity 18646K, committed 18688K, reserved 1048576K
GC Heap History (10 events):
Event: 114.826 GC heap before
{Heap before GC invocations=32 (full 4):
 PSYoungGen      total 418304K, used 37998K [0x00000000e0000000, 0x0000000100000000, 0x0000000100000000)
  eden space 365568K, 0% used [0x00000000e0000000,0x00000000e0000000,0x00000000f6500000)
  from space 52736K, 72% used [0x00000000fcc80000,0x00000000ff19b888,0x0000000100000000)
  to   space 79360K, 0% used [0x00000000f6500000,0x00000000f6500000,0x00000000fb280000)
 ParOldGen       total 289280K, used 179951K [0x00000000a0000000, 0x00000000b1a80000, 0x00000000e0000000)
  object space 289280K, 62% used [0x00000000a0000000,0x00000000aafbbc60,0x00000000b1a80000)
 Metaspace       used 94484K, capacity 98432K, committed 98560K, reserved 1134592K
  class space    used 12258K, capacity 13049K, committed 13056K, reserved 1048576K
Event: 115.049 GC heap after
Heap after GC invocations=32 (full 4):
 PSYoungGen      total 418304K, used 0K [0x00000000e0000000, 0x0000000100000000, 0x0000000100000000)
  eden space 365568K, 0% used [0x00000000e0000000,0x00000000e0000000,0x00000000f6500000)
  from space 52736K, 0% used [0x00000000fcc80000,0x00000000fcc80000,0x0000000100000000)
  to   space 79360K, 0% used [0x00000000f6500000,0x00000000f6500000,0x00000000fb280000)
 ParOldGen       total 432128K, used 74762K [0x00000000a0000000, 0x00000000ba600000, 0x00000000e0000000)
  object space 432128K, 17% used [0x00000000a0000000,0x00000000a4902a18,0x00000000ba600000)
 Metaspace       used 94409K, capacity 98234K, committed 98560K, reserved 1134592K
  class space    used 12232K, capacity 13004K, committed 13056K, reserved 1048576K
}
Event: 387.386 GC heap before
{Heap before GC invocations=33 (full 4):
 PSYoungGen      total 418304K, used 365568K [0x00000000e0000000, 0x0000000100000000, 0x0000000100000000)
  eden space 365568K, 100% used [0x00000000e0000000,0x00000000f6500000,0x00000000f6500000)
  from space 52736K, 0% used [0x00000000fcc80000,0x00000000fcc80000,0x0000000100000000)
  to   space 79360K, 0% used [0x00000000f6500000,0x00000000f6500000,0x00000000fb280000)
 ParOldGen       total 432128K, used 74762K [0x00000000a0000000, 0x00000000ba600000, 0x00000000e0000000)
  object space 432128K, 17% used [0x00000000a0000000,0x00000000a4902a18,0x00000000ba600000)
 Metaspace       used 114815K, capacity 120272K, committed 120320K, reserved 1153024K
  class space    used 15087K, capacity 16116K, committed 16128K, reserved 1048576K
Event: 387.423 GC heap after
Heap after GC invocations=33 (full 4):
 PSYoungGen      total 444928K, used 37447K [0x00000000e0000000, 0x0000000100000000, 0x0000000100000000)
  eden space 365568K, 0% used [0x00000000e0000000,0x00000000e0000000,0x00000000f6500000)
  from space 79360K, 47% used [0x00000000f6500000,0x00000000f8991db0,0x00000000fb280000)
  to   space 75264K, 0% used [0x00000000fb680000,0x00000000fb680000,0x0000000100000000)
 ParOldGen       total 432128K, used 74770K [0x00000000a0000000, 0x00000000ba600000, 0x00000000e0000000)
  object space 432128K, 17% used [0x00000000a0000000,0x00000000a4904a18,0x00000000ba600000)
 Metaspace       used 114815K, capacity 120272K, committed 120320K, reserved 1153024K
  class space    used 15087K, capacity 16116K, committed 16128K, reserved 1048576K
}
Event: 631.711 GC heap before
{Heap before GC invocations=34 (full 4):
 PSYoungGen      total 444928K, used 403015K [0x00000000e0000000, 0x0000000100000000, 0x0000000100000000)
  eden space 365568K, 100% used [0x00000000e0000000,0x00000000f6500000,0x00000000f6500000)
  from space 79360K, 47% used [0x00000000f6500000,0x00000000f8991db0,0x00000000fb280000)
  to   space 75264K, 0% used [0x00000000fb680000,0x00000000fb680000,0x0000000100000000)
 ParOldGen       total 432128K, used 74770K [0x00000000a0000000, 0x00000000ba600000, 0x00000000e0000000)
  object space 432128K, 17% used [0x00000000a0000000,0x00000000a4904a18,0x00000000ba600000)
 Metaspace       used 122380K, capacity 128618K, committed 128896K, reserved 1161216K
  class space    used 15776K, capacity 16922K, committed 17024K, reserved 1048576K
Event: 631.738 GC heap after
Heap after GC invocations=34 (full 4):
 PSYoungGen      total 434688K, used 31942K [0x00000000e0000000, 0x00000000ff600000, 0x0000000100000000)
  eden space 369664K, 0% used [0x00000000e0000000,0x00000000e0000000,0x00000000f6900000)
  from space 65024K, 49% used [0x00000000fb680000,0x00000000fd5b1a10,0x00000000ff600000)
  to   space 72192K, 0% used [0x00000000f6900000,0x00000000f6900000,0x00000000faf80000)
 ParOldGen       total 432128K, used 74778K [0x00000000a0000000, 0x00000000ba600000, 0x00000000e0000000)
  object space 432128K, 17% used [0x00000000a0000000,0x00000000a4906a18,0x00000000ba600000)
 Metaspace       used 122380K, capacity 128618K, committed 128896K, reserved 1161216K
  class space    used 15776K, capacity 16922K, committed 17024K, reserved 1048576K
}
Event: 1260.304 GC heap before
{Heap before GC invocations=35 (full 4):
 PSYoungGen      total 434688K, used 401606K [0x00000000e0000000, 0x00000000ff600000, 0x0000000100000000)
  eden space 369664K, 100% used [0x00000000e0000000,0x00000000f6900000,0x00000000f6900000)
  from space 65024K, 49% used [0x00000000fb680000,0x00000000fd5b1a10,0x00000000ff600000)
  to   space 72192K, 0% used [0x00000000f6900000,0x00000000f6900000,0x00000000faf80000)
 ParOldGen       total 432128K, used 74778K [0x00000000a0000000, 0x00000000ba600000, 0x00000000e0000000)
  object space 432128K, 17% used [0x00000000a0000000,0x00000000a4906a18,0x00000000ba600000)
 Metaspace       used 124747K, capacity 131562K, committed 131840K, reserved 1163264K
  class space    used 16028K, capacity 17281K, committed 17408K, reserved 1048576K
Event: 1260.333 GC heap after
Heap after GC invocations=35 (full 4):
 PSYoungGen      total 441856K, used 39828K [0x00000000e0000000, 0x0000000100000000, 0x0000000100000000)
  eden space 369664K, 0% used [0x00000000e0000000,0x00000000e0000000,0x00000000f6900000)
  from space 72192K, 55% used [0x00000000f6900000,0x00000000f8fe5138,0x00000000faf80000)
  to   space 70144K, 0% used [0x00000000fbb80000,0x00000000fbb80000,0x0000000100000000)
 ParOldGen       total 432128K, used 74786K [0x00000000a0000000, 0x00000000ba600000, 0x00000000e0000000)
  object space 432128K, 17% used [0x00000000a0000000,0x00000000a4908a18,0x00000000ba600000)
 Metaspace       used 124747K, capacity 131562K, committed 131840K, reserved 1163264K
  class space    used 16028K, capacity 17281K, committed 17408K, reserved 1048576K
}
Event: 1266.369 GC heap before
{Heap before GC invocations=36 (full 4):
 PSYoungGen      total 441856K, used 409492K [0x00000000e0000000, 0x0000000100000000, 0x0000000100000000)
  eden space 369664K, 100% used [0x00000000e0000000,0x00000000f6900000,0x00000000f6900000)
  from space 72192K, 55% used [0x00000000f6900000,0x00000000f8fe5138,0x00000000faf80000)
  to   space 70144K, 0% used [0x00000000fbb80000,0x00000000fbb80000,0x0000000100000000)
 ParOldGen       total 432128K, used 74786K [0x00000000a0000000, 0x00000000ba600000, 0x00000000e0000000)
  object space 432128K, 17% used [0x00000000a0000000,0x00000000a4908a30,0x00000000ba600000)
 Metaspace       used 127654K, capacity 134510K, committed 134784K, reserved 1167360K
  class space    used 16411K, capacity 17695K, committed 17792K, reserved 1048576K
Event: 1266.415 GC heap after
Heap after GC invocations=36 (full 4):
 PSYoungGen      total 452096K, used 48037K [0x00000000e0000000, 0x0000000100000000, 0x0000000100000000)
  eden space 381952K, 0% used [0x00000000e0000000,0x00000000e0000000,0x00000000f7500000)
  from space 70144K, 68% used [0x00000000fbb80000,0x00000000fea69460,0x0000000100000000)
  to   space 71168K, 0% used [0x00000000f7500000,0x00000000f7500000,0x00000000fba80000)
 ParOldGen       total 432128K, used 74794K [0x00000000a0000000, 0x00000000ba600000, 0x00000000e0000000)
  object space 432128K, 17% used [0x00000000a0000000,0x00000000a490aa30,0x00000000ba600000)
 Metaspace       used 127654K, capacity 134510K, committed 134784K, reserved 1167360K
  class space    used 16411K, capacity 17695K, committed 17792K, reserved 1048576K
}

